This is pdfTeX, Version 3.14159265-2.6-1.40.18 (TeX Live 2017/Debian) (preloaded format=pdflatex 2017.8.5)  5 MAR 2019 09:15
entering extended mode
 restricted \write18 enabled.
 %&-line parsing enabled.
**PlantillaTesisMSc.tex
(./PlantillaTesisMSc.tex
LaTeX2e <2017-04-15>
Babel <3.10> and hyphenation patterns for 84 language(s) loaded.
(/usr/share/texlive/texmf-dist/tex/latex/koma-script/scrbook.cls
Document Class: scrbook 2017/04/13 v3.23 KOMA-Script document class (book)
(/usr/share/texlive/texmf-dist/tex/latex/koma-script/scrkbase.sty
Package: scrkbase 2017/04/13 v3.23 KOMA-Script package (KOMA-Script-dependent b
asics and keyval usage)

(/usr/share/texlive/texmf-dist/tex/latex/koma-script/scrbase.sty
Package: scrbase 2017/04/13 v3.23 KOMA-Script package (KOMA-Script-independent 
basics and keyval usage)

(/usr/share/texlive/texmf-dist/tex/latex/graphics/keyval.sty
Package: keyval 2014/10/28 v1.15 key=value parser (DPC)
\KV@toks@=\toks14
)
(/usr/share/texlive/texmf-dist/tex/latex/koma-script/scrlfile.sty
Package: scrlfile 2017/04/13 v3.23 KOMA-Script package (loading files)

Package scrlfile, 2017/04/13 v3.23 KOMA-Script package (loading files)
                  Copyright (C) Markus Kohm

))) (/usr/share/texlive/texmf-dist/tex/latex/koma-script/tocbasic.sty
Package: tocbasic 2017/04/13 v3.23 KOMA-Script package (handling toc-files)
\scr@dte@tocline@numberwidth=\skip41
\scr@dte@tocline@numbox=\box26
)
Package tocbasic Info: omitting babel extension for `toc'
(tocbasic)             because of feature `nobabel' available
(tocbasic)             for `toc' on input line 133.
Package tocbasic Info: omitting babel extension for `lof'
(tocbasic)             because of feature `nobabel' available
(tocbasic)             for `lof' on input line 135.
Package tocbasic Info: omitting babel extension for `lot'
(tocbasic)             because of feature `nobabel' available
(tocbasic)             for `lot' on input line 136.
Package tocbasic Info: defining new hook before heading of `' on input line 160
8.
Package scrbook Info: You've used standard option `12pt'.
(scrbook)             This is correct!
(scrbook)             Internally I'm using `fontsize=12pt'.
(scrbook)             If you'd like to set the option with \KOMAoptions,
(scrbook)             you'd have to use `fontsize=12pt' there
(scrbook)             instead of `12pt', too.

(/usr/share/texlive/texmf-dist/tex/latex/base/fleqn.clo
File: fleqn.clo 2016/12/29 v1.2a Standard LaTeX option (flush left equations)
\mathindent=\dimen102
Applying: [2015/01/01] Make \[ robust on input line 50.
LaTeX Info: Redefining \[ on input line 51.
Already applied: [0000/00/00] Make \[ robust on input line 62.
Applying: [2015/01/01] Make \] robust on input line 74.
LaTeX Info: Redefining \] on input line 75.
Already applied: [0000/00/00] Make \] robust on input line 83.
)
Class scrbook Info: You've used standard option `openany'.
(scrbook)           This is correct!
(scrbook)           Internally I'm using `open=any'.
(scrbook)           If you'd like to set the option with \KOMAoptions,
(scrbook)           you'd have to use `open=any' there
(scrbook)           instead of `openany', too.
Class scrbook Info: File `scrsize12pt.clo' used to setup font sizes on input li
ne 2275.

(/usr/share/texlive/texmf-dist/tex/latex/koma-script/scrsize12pt.clo
File: scrsize12pt.clo 2017/04/13 v3.23 KOMA-Script font size class option (12pt
)
)
(/usr/share/texlive/texmf-dist/tex/latex/koma-script/typearea.sty
Package: typearea 2017/04/13 v3.23 KOMA-Script package (type area)
\ta@bcor=\skip42
\ta@div=\count79
Package typearea Info: You've used standard option `letterpaper'.
(typearea)             This is correct!
(typearea)             Internally I'm using `paper=letter'.
(typearea)             If you'd like to set the option with \KOMAoptions,
(typearea)             you'd have to use `paper=letter' there
(typearea)             instead of `letterpaper', too.
\ta@hblk=\skip43
\ta@vblk=\skip44
\ta@temp=\skip45
\footheight=\skip46
Package typearea Info: These are the values describing the layout:
(typearea)             DIV  = 12
(typearea)             BCOR = 0.0pt
(typearea)             \paperwidth      = 614.295pt
(typearea)              \textwidth      = 460.72128pt
(typearea)              DIV departure   = -9%
(typearea)              \evensidemargin = 30.11249pt
(typearea)              \oddsidemargin  = -21.07875pt
(typearea)             \paperheight     = 794.96999pt
(typearea)              \textheight     = 606.5pt
(typearea)              \topmargin      = -45.89749pt
(typearea)              \headheight     = 18.125pt
(typearea)              \headsep        = 21.75pt
(typearea)              \topskip        = 12.0pt
(typearea)              \footskip       = 50.75pt
(typearea)              \baselineskip   = 14.5pt
(typearea)              on input line 1647.
)
\c@part=\count80
\c@chapter=\count81
\c@section=\count82
\c@subsection=\count83
\c@subsubsection=\count84
\c@paragraph=\count85
\c@subparagraph=\count86
\scr@dte@part@maxnumwidth=\skip47
\scr@dte@chapter@maxnumwidth=\skip48
\scr@dte@section@maxnumwidth=\skip49
\scr@dte@subsection@maxnumwidth=\skip50
\scr@dte@subsubsection@maxnumwidth=\skip51
\scr@dte@paragraph@maxnumwidth=\skip52
\scr@dte@subparagraph@maxnumwidth=\skip53
LaTeX Info: Redefining \textsubscript on input line 4843.
\abovecaptionskip=\skip54
\belowcaptionskip=\skip55
\c@pti@nb@sid@b@x=\box27
\c@figure=\count87
\c@table=\count88
Class scrbook Info: Redefining `\numberline' on input line 6000.
\bibindent=\dimen103
)
(/usr/share/texlive/texmf-dist/tex/latex/base/inputenc.sty
Package: inputenc 2015/03/17 v1.2c Input encoding file
\inpenc@prehook=\toks15
\inpenc@posthook=\toks16

(/usr/share/texlive/texmf-dist/tex/latex/base/utf8.def
File: utf8.def 2017/01/28 v1.1t UTF-8 support for inputenc
Now handling font encoding OML ...
... no UTF-8 mapping file for font encoding OML
Now handling font encoding T1 ...
... processing UTF-8 mapping file for font encoding T1

(/usr/share/texlive/texmf-dist/tex/latex/base/t1enc.dfu
File: t1enc.dfu 2017/01/28 v1.1t UTF-8 support for inputenc
   defining Unicode char U+00A0 (decimal 160)
   defining Unicode char U+00A1 (decimal 161)
   defining Unicode char U+00A3 (decimal 163)
   defining Unicode char U+00AB (decimal 171)
   defining Unicode char U+00AD (decimal 173)
   defining Unicode char U+00BB (decimal 187)
   defining Unicode char U+00BF (decimal 191)
   defining Unicode char U+00C0 (decimal 192)
   defining Unicode char U+00C1 (decimal 193)
   defining Unicode char U+00C2 (decimal 194)
   defining Unicode char U+00C3 (decimal 195)
   defining Unicode char U+00C4 (decimal 196)
   defining Unicode char U+00C5 (decimal 197)
   defining Unicode char U+00C6 (decimal 198)
   defining Unicode char U+00C7 (decimal 199)
   defining Unicode char U+00C8 (decimal 200)
   defining Unicode char U+00C9 (decimal 201)
   defining Unicode char U+00CA (decimal 202)
   defining Unicode char U+00CB (decimal 203)
   defining Unicode char U+00CC (decimal 204)
   defining Unicode char U+00CD (decimal 205)
   defining Unicode char U+00CE (decimal 206)
   defining Unicode char U+00CF (decimal 207)
   defining Unicode char U+00D0 (decimal 208)
   defining Unicode char U+00D1 (decimal 209)
   defining Unicode char U+00D2 (decimal 210)
   defining Unicode char U+00D3 (decimal 211)
   defining Unicode char U+00D4 (decimal 212)
   defining Unicode char U+00D5 (decimal 213)
   defining Unicode char U+00D6 (decimal 214)
   defining Unicode char U+00D8 (decimal 216)
   defining Unicode char U+00D9 (decimal 217)
   defining Unicode char U+00DA (decimal 218)
   defining Unicode char U+00DB (decimal 219)
   defining Unicode char U+00DC (decimal 220)
   defining Unicode char U+00DD (decimal 221)
   defining Unicode char U+00DE (decimal 222)
   defining Unicode char U+00DF (decimal 223)
   defining Unicode char U+00E0 (decimal 224)
   defining Unicode char U+00E1 (decimal 225)
   defining Unicode char U+00E2 (decimal 226)
   defining Unicode char U+00E3 (decimal 227)
   defining Unicode char U+00E4 (decimal 228)
   defining Unicode char U+00E5 (decimal 229)
   defining Unicode char U+00E6 (decimal 230)
   defining Unicode char U+00E7 (decimal 231)
   defining Unicode char U+00E8 (decimal 232)
   defining Unicode char U+00E9 (decimal 233)
   defining Unicode char U+00EA (decimal 234)
   defining Unicode char U+00EB (decimal 235)
   defining Unicode char U+00EC (decimal 236)
   defining Unicode char U+00ED (decimal 237)
   defining Unicode char U+00EE (decimal 238)
   defining Unicode char U+00EF (decimal 239)
   defining Unicode char U+00F0 (decimal 240)
   defining Unicode char U+00F1 (decimal 241)
   defining Unicode char U+00F2 (decimal 242)
   defining Unicode char U+00F3 (decimal 243)
   defining Unicode char U+00F4 (decimal 244)
   defining Unicode char U+00F5 (decimal 245)
   defining Unicode char U+00F6 (decimal 246)
   defining Unicode char U+00F8 (decimal 248)
   defining Unicode char U+00F9 (decimal 249)
   defining Unicode char U+00FA (decimal 250)
   defining Unicode char U+00FB (decimal 251)
   defining Unicode char U+00FC (decimal 252)
   defining Unicode char U+00FD (decimal 253)
   defining Unicode char U+00FE (decimal 254)
   defining Unicode char U+00FF (decimal 255)
   defining Unicode char U+0100 (decimal 256)
   defining Unicode char U+0101 (decimal 257)
   defining Unicode char U+0102 (decimal 258)
   defining Unicode char U+0103 (decimal 259)
   defining Unicode char U+0104 (decimal 260)
   defining Unicode char U+0105 (decimal 261)
   defining Unicode char U+0106 (decimal 262)
   defining Unicode char U+0107 (decimal 263)
   defining Unicode char U+0108 (decimal 264)
   defining Unicode char U+0109 (decimal 265)
   defining Unicode char U+010A (decimal 266)
   defining Unicode char U+010B (decimal 267)
   defining Unicode char U+010C (decimal 268)
   defining Unicode char U+010D (decimal 269)
   defining Unicode char U+010E (decimal 270)
   defining Unicode char U+010F (decimal 271)
   defining Unicode char U+0110 (decimal 272)
   defining Unicode char U+0111 (decimal 273)
   defining Unicode char U+0112 (decimal 274)
   defining Unicode char U+0113 (decimal 275)
   defining Unicode char U+0114 (decimal 276)
   defining Unicode char U+0115 (decimal 277)
   defining Unicode char U+0116 (decimal 278)
   defining Unicode char U+0117 (decimal 279)
   defining Unicode char U+0118 (decimal 280)
   defining Unicode char U+0119 (decimal 281)
   defining Unicode char U+011A (decimal 282)
   defining Unicode char U+011B (decimal 283)
   defining Unicode char U+011C (decimal 284)
   defining Unicode char U+011D (decimal 285)
   defining Unicode char U+011E (decimal 286)
   defining Unicode char U+011F (decimal 287)
   defining Unicode char U+0120 (decimal 288)
   defining Unicode char U+0121 (decimal 289)
   defining Unicode char U+0122 (decimal 290)
   defining Unicode char U+0123 (decimal 291)
   defining Unicode char U+0124 (decimal 292)
   defining Unicode char U+0125 (decimal 293)
   defining Unicode char U+0128 (decimal 296)
   defining Unicode char U+0129 (decimal 297)
   defining Unicode char U+012A (decimal 298)
   defining Unicode char U+012B (decimal 299)
   defining Unicode char U+012C (decimal 300)
   defining Unicode char U+012D (decimal 301)
   defining Unicode char U+012E (decimal 302)
   defining Unicode char U+012F (decimal 303)
   defining Unicode char U+0130 (decimal 304)
   defining Unicode char U+0131 (decimal 305)
   defining Unicode char U+0132 (decimal 306)
   defining Unicode char U+0133 (decimal 307)
   defining Unicode char U+0134 (decimal 308)
   defining Unicode char U+0135 (decimal 309)
   defining Unicode char U+0136 (decimal 310)
   defining Unicode char U+0137 (decimal 311)
   defining Unicode char U+0139 (decimal 313)
   defining Unicode char U+013A (decimal 314)
   defining Unicode char U+013B (decimal 315)
   defining Unicode char U+013C (decimal 316)
   defining Unicode char U+013D (decimal 317)
   defining Unicode char U+013E (decimal 318)
   defining Unicode char U+0141 (decimal 321)
   defining Unicode char U+0142 (decimal 322)
   defining Unicode char U+0143 (decimal 323)
   defining Unicode char U+0144 (decimal 324)
   defining Unicode char U+0145 (decimal 325)
   defining Unicode char U+0146 (decimal 326)
   defining Unicode char U+0147 (decimal 327)
   defining Unicode char U+0148 (decimal 328)
   defining Unicode char U+014A (decimal 330)
   defining Unicode char U+014B (decimal 331)
   defining Unicode char U+014C (decimal 332)
   defining Unicode char U+014D (decimal 333)
   defining Unicode char U+014E (decimal 334)
   defining Unicode char U+014F (decimal 335)
   defining Unicode char U+0150 (decimal 336)
   defining Unicode char U+0151 (decimal 337)
   defining Unicode char U+0152 (decimal 338)
   defining Unicode char U+0153 (decimal 339)
   defining Unicode char U+0154 (decimal 340)
   defining Unicode char U+0155 (decimal 341)
   defining Unicode char U+0156 (decimal 342)
   defining Unicode char U+0157 (decimal 343)
   defining Unicode char U+0158 (decimal 344)
   defining Unicode char U+0159 (decimal 345)
   defining Unicode char U+015A (decimal 346)
   defining Unicode char U+015B (decimal 347)
   defining Unicode char U+015C (decimal 348)
   defining Unicode char U+015D (decimal 349)
   defining Unicode char U+015E (decimal 350)
   defining Unicode char U+015F (decimal 351)
   defining Unicode char U+0160 (decimal 352)
   defining Unicode char U+0161 (decimal 353)
   defining Unicode char U+0162 (decimal 354)
   defining Unicode char U+0163 (decimal 355)
   defining Unicode char U+0164 (decimal 356)
   defining Unicode char U+0165 (decimal 357)
   defining Unicode char U+0168 (decimal 360)
   defining Unicode char U+0169 (decimal 361)
   defining Unicode char U+016A (decimal 362)
   defining Unicode char U+016B (decimal 363)
   defining Unicode char U+016C (decimal 364)
   defining Unicode char U+016D (decimal 365)
   defining Unicode char U+016E (decimal 366)
   defining Unicode char U+016F (decimal 367)
   defining Unicode char U+0170 (decimal 368)
   defining Unicode char U+0171 (decimal 369)
   defining Unicode char U+0172 (decimal 370)
   defining Unicode char U+0173 (decimal 371)
   defining Unicode char U+0174 (decimal 372)
   defining Unicode char U+0175 (decimal 373)
   defining Unicode char U+0176 (decimal 374)
   defining Unicode char U+0177 (decimal 375)
   defining Unicode char U+0178 (decimal 376)
   defining Unicode char U+0179 (decimal 377)
   defining Unicode char U+017A (decimal 378)
   defining Unicode char U+017B (decimal 379)
   defining Unicode char U+017C (decimal 380)
   defining Unicode char U+017D (decimal 381)
   defining Unicode char U+017E (decimal 382)
   defining Unicode char U+01CD (decimal 461)
   defining Unicode char U+01CE (decimal 462)
   defining Unicode char U+01CF (decimal 463)
   defining Unicode char U+01D0 (decimal 464)
   defining Unicode char U+01D1 (decimal 465)
   defining Unicode char U+01D2 (decimal 466)
   defining Unicode char U+01D3 (decimal 467)
   defining Unicode char U+01D4 (decimal 468)
   defining Unicode char U+01E2 (decimal 482)
   defining Unicode char U+01E3 (decimal 483)
   defining Unicode char U+01E6 (decimal 486)
   defining Unicode char U+01E7 (decimal 487)
   defining Unicode char U+01E8 (decimal 488)
   defining Unicode char U+01E9 (decimal 489)
   defining Unicode char U+01EA (decimal 490)
   defining Unicode char U+01EB (decimal 491)
   defining Unicode char U+01F0 (decimal 496)
   defining Unicode char U+01F4 (decimal 500)
   defining Unicode char U+01F5 (decimal 501)
   defining Unicode char U+0218 (decimal 536)
   defining Unicode char U+0219 (decimal 537)
   defining Unicode char U+021A (decimal 538)
   defining Unicode char U+021B (decimal 539)
   defining Unicode char U+0232 (decimal 562)
   defining Unicode char U+0233 (decimal 563)
   defining Unicode char U+1E02 (decimal 7682)
   defining Unicode char U+1E03 (decimal 7683)
   defining Unicode char U+200C (decimal 8204)
   defining Unicode char U+2010 (decimal 8208)
   defining Unicode char U+2011 (decimal 8209)
   defining Unicode char U+2012 (decimal 8210)
   defining Unicode char U+2013 (decimal 8211)
   defining Unicode char U+2014 (decimal 8212)
   defining Unicode char U+2015 (decimal 8213)
   defining Unicode char U+2018 (decimal 8216)
   defining Unicode char U+2019 (decimal 8217)
   defining Unicode char U+201A (decimal 8218)
   defining Unicode char U+201C (decimal 8220)
   defining Unicode char U+201D (decimal 8221)
   defining Unicode char U+201E (decimal 8222)
   defining Unicode char U+2030 (decimal 8240)
   defining Unicode char U+2031 (decimal 8241)
   defining Unicode char U+2039 (decimal 8249)
   defining Unicode char U+203A (decimal 8250)
   defining Unicode char U+2423 (decimal 9251)
   defining Unicode char U+1E20 (decimal 7712)
   defining Unicode char U+1E21 (decimal 7713)
)
Now handling font encoding OT1 ...
... processing UTF-8 mapping file for font encoding OT1

(/usr/share/texlive/texmf-dist/tex/latex/base/ot1enc.dfu
File: ot1enc.dfu 2017/01/28 v1.1t UTF-8 support for inputenc
   defining Unicode char U+00A0 (decimal 160)
   defining Unicode char U+00A1 (decimal 161)
   defining Unicode char U+00A3 (decimal 163)
   defining Unicode char U+00AD (decimal 173)
   defining Unicode char U+00B8 (decimal 184)
   defining Unicode char U+00BF (decimal 191)
   defining Unicode char U+00C5 (decimal 197)
   defining Unicode char U+00C6 (decimal 198)
   defining Unicode char U+00D8 (decimal 216)
   defining Unicode char U+00DF (decimal 223)
   defining Unicode char U+00E6 (decimal 230)
   defining Unicode char U+00EC (decimal 236)
   defining Unicode char U+00ED (decimal 237)
   defining Unicode char U+00EE (decimal 238)
   defining Unicode char U+00EF (decimal 239)
   defining Unicode char U+00F8 (decimal 248)
   defining Unicode char U+0131 (decimal 305)
   defining Unicode char U+0141 (decimal 321)
   defining Unicode char U+0142 (decimal 322)
   defining Unicode char U+0152 (decimal 338)
   defining Unicode char U+0153 (decimal 339)
   defining Unicode char U+0174 (decimal 372)
   defining Unicode char U+0175 (decimal 373)
   defining Unicode char U+0176 (decimal 374)
   defining Unicode char U+0177 (decimal 375)
   defining Unicode char U+0218 (decimal 536)
   defining Unicode char U+0219 (decimal 537)
   defining Unicode char U+021A (decimal 538)
   defining Unicode char U+021B (decimal 539)
   defining Unicode char U+2013 (decimal 8211)
   defining Unicode char U+2014 (decimal 8212)
   defining Unicode char U+2018 (decimal 8216)
   defining Unicode char U+2019 (decimal 8217)
   defining Unicode char U+201C (decimal 8220)
   defining Unicode char U+201D (decimal 8221)
)
Now handling font encoding OMS ...
... processing UTF-8 mapping file for font encoding OMS

(/usr/share/texlive/texmf-dist/tex/latex/base/omsenc.dfu
File: omsenc.dfu 2017/01/28 v1.1t UTF-8 support for inputenc
   defining Unicode char U+00A7 (decimal 167)
   defining Unicode char U+00B6 (decimal 182)
   defining Unicode char U+00B7 (decimal 183)
   defining Unicode char U+2020 (decimal 8224)
   defining Unicode char U+2021 (decimal 8225)
   defining Unicode char U+2022 (decimal 8226)
)
Now handling font encoding OMX ...
... no UTF-8 mapping file for font encoding OMX
Now handling font encoding U ...
... no UTF-8 mapping file for font encoding U
   defining Unicode char U+00A9 (decimal 169)
   defining Unicode char U+00AA (decimal 170)
   defining Unicode char U+00AE (decimal 174)
   defining Unicode char U+00BA (decimal 186)
   defining Unicode char U+02C6 (decimal 710)
   defining Unicode char U+02DC (decimal 732)
   defining Unicode char U+200C (decimal 8204)
   defining Unicode char U+2026 (decimal 8230)
   defining Unicode char U+2122 (decimal 8482)
   defining Unicode char U+2423 (decimal 9251)
))
(/usr/share/texlive/texmf-dist/tex/generic/babel/babel.sty
Package: babel 2017/05/19 3.10 The Babel package

(/usr/share/texlive/texmf-dist/tex/generic/babel-spanish/spanish.ldf
Language: spanish.ldf 2016/03/03 v5.0p Spanish support from the babel system

(/usr/share/texlive/texmf-dist/tex/generic/babel/babel.def
File: babel.def 2017/05/19 3.10 Babel common definitions
\babel@savecnt=\count89
\U@D=\dimen104
)
\es@quottoks=\toks17
\es@quotdepth=\count90
Package babel Info: Making " an active character on input line 561.
Package babel Info: Making . an active character on input line 662.
Package babel Info: Making < an active character on input line 707.
Package babel Info: Making > an active character on input line 707.
))

Class scrbook Warning: Usage of package `fancyhdr' together
(scrbook)              with a KOMA-Script class is not recommended.
(scrbook)              I'd suggest to use 
(scrbook)              package `scrlayer-scrpage'.
(scrbook)              Nevertheless, using requested
(scrbook)              package `fancyhdr' on input line 6.

(/usr/share/texlive/texmf-dist/tex/latex/fancyhdr/fancyhdr.sty
Package: fancyhdr 2016/10/11 v3.9 Extensive control of page headers and footers

\f@nch@headwidth=\skip56
\f@nch@O@elh=\skip57
\f@nch@O@erh=\skip58
\f@nch@O@olh=\skip59
\f@nch@O@orh=\skip60
\f@nch@O@elf=\skip61
\f@nch@O@erf=\skip62
\f@nch@O@olf=\skip63
\f@nch@O@orf=\skip64
)
(/usr/share/texlive/texmf-dist/tex/latex/graphics/epsfig.sty
Package: epsfig 1999/02/16 v1.7a (e)psfig emulation (SPQR)

(/usr/share/texlive/texmf-dist/tex/latex/graphics/graphicx.sty
Package: graphicx 2017/06/01 v1.1a Enhanced LaTeX Graphics (DPC,SPQR)

(/usr/share/texlive/texmf-dist/tex/latex/graphics/graphics.sty
Package: graphics 2017/06/13 v1.2b Standard LaTeX Graphics (DPC,SPQR)

(/usr/share/texlive/texmf-dist/tex/latex/graphics/trig.sty
Package: trig 2016/01/03 v1.10 sin cos tan (DPC)
)
(/usr/share/texlive/texmf-dist/tex/latex/graphics-cfg/graphics.cfg
File: graphics.cfg 2016/06/04 v1.11 sample graphics configuration
)
Package graphics Info: Driver file: pdftex.def on input line 99.

(/usr/share/texlive/texmf-dist/tex/latex/graphics-def/pdftex.def
File: pdftex.def 2017/06/17 v1.0e Graphics/color driver for pdftex
))
\Gin@req@height=\dimen105
\Gin@req@width=\dimen106
)
\epsfxsize=\dimen107
\epsfysize=\dimen108
)
(/usr/share/texlive/texmf-dist/tex/latex/eepic/epic.sty
Enhancements to Picture Environment. Version 1.2 - Released June 1, 1986
\@@multicnt=\count91
\d@lta=\count92
\@delta=\dimen109
\@@delta=\dimen110
\@gridcnt=\count93
\@joinkind=\count94
\@dotgap=\dimen111
\@ddotgap=\dimen112
\@x@diff=\count95
\@y@diff=\count96
\x@diff=\dimen113
\y@diff=\dimen114
\@dotbox=\box28
\num@segments=\count97
\num@segmentsi=\count98
\@datafile=\read1
) (/usr/share/texlive/texmf-dist/tex/latex/eepic/eepic.sty
Extension to Epic and LaTeX. Version 1.1e - Released Dec 21, 1999
\@gphlinewidth=\count99
\@eepictcnt=\count100
\@tempdimc=\dimen115
\maxovaldiam=\dimen116
\@filltype=\box29
) (/usr/share/texlive/texmf-dist/tex/latex/amsmath/amsmath.sty
Package: amsmath 2016/11/05 v2.16a AMS math features
\@mathmargin=\skip65

For additional information on amsmath, use the `?' option.
(/usr/share/texlive/texmf-dist/tex/latex/amsmath/amstext.sty
Package: amstext 2000/06/29 v2.01 AMS text

(/usr/share/texlive/texmf-dist/tex/latex/amsmath/amsgen.sty
File: amsgen.sty 1999/11/30 v2.0 generic functions
\@emptytoks=\toks18
\ex@=\dimen117
))
(/usr/share/texlive/texmf-dist/tex/latex/amsmath/amsbsy.sty
Package: amsbsy 1999/11/29 v1.2d Bold Symbols
\pmbraise@=\dimen118
)
(/usr/share/texlive/texmf-dist/tex/latex/amsmath/amsopn.sty
Package: amsopn 2016/03/08 v2.02 operator names
)
\inf@bad=\count101
LaTeX Info: Redefining \frac on input line 213.
\uproot@=\count102
\leftroot@=\count103
LaTeX Info: Redefining \overline on input line 375.
\classnum@=\count104
\DOTSCASE@=\count105
LaTeX Info: Redefining \ldots on input line 472.
LaTeX Info: Redefining \dots on input line 475.
LaTeX Info: Redefining \cdots on input line 596.
\Mathstrutbox@=\box30
\strutbox@=\box31
\big@size=\dimen119
LaTeX Font Info:    Redeclaring font encoding OML on input line 712.
LaTeX Font Info:    Redeclaring font encoding OMS on input line 713.
\macc@depth=\count106
\c@MaxMatrixCols=\count107
\dotsspace@=\muskip10
\c@parentequation=\count108
\dspbrk@lvl=\count109
\tag@help=\toks19
\row@=\count110
\column@=\count111
\maxfields@=\count112
\andhelp@=\toks20
\eqnshift@=\dimen120
\alignsep@=\dimen121
\tagshift@=\dimen122
\tagwidth@=\dimen123
\totwidth@=\dimen124
\lineht@=\dimen125
\@envbody=\toks21
\multlinegap=\skip66
\multlinetaggap=\skip67
\mathdisplay@stack=\toks22
LaTeX Info: Redefining \[ on input line 2817.
LaTeX Info: Redefining \] on input line 2818.
)
(/usr/share/texlive/texmf-dist/tex/latex/amsfonts/amssymb.sty
Package: amssymb 2013/01/14 v3.01 AMS font symbols

(/usr/share/texlive/texmf-dist/tex/latex/amsfonts/amsfonts.sty
Package: amsfonts 2013/01/14 v3.01 Basic AMSFonts support
\symAMSa=\mathgroup4
\symAMSb=\mathgroup5
LaTeX Font Info:    Overwriting math alphabet `\mathfrak' in version `bold'
(Font)                  U/euf/m/n --> U/euf/b/n on input line 106.
))
(/usr/share/texlive/texmf-dist/tex/latex/threeparttable/threeparttable.sty
Package: threeparttable 2003/06/13  v 3.0
\@tempboxb=\box32
)
(/usr/share/texlive/texmf-dist/tex/latex/amsmath/amscd.sty
Package: amscd 2017/04/14 v2.1 AMS Commutative Diagrams
\athelp@=\toks23
\minaw@=\dimen126
\bigaw@=\dimen127
\minCDarrowwidth=\dimen128
)
(/usr/share/texlive/texmf-dist/tex/latex/here/here.sty)
(/usr/share/texlive/texmf-dist/tex/latex/float/float.sty
Package: float 2001/11/08 v1.3d Float enhancements (AL)
\c@float@type=\count113
\float@exts=\toks24
\float@box=\box33
\@float@everytoks=\toks25
\@floatcapt=\box34
)
(/usr/share/texlive/texmf-dist/tex/latex/graphics/lscape.sty
Package: lscape 2000/10/22 v3.01 Landscape Pages (DPC)
)
(/usr/share/texlive/texmf-dist/tex/latex/tools/tabularx.sty
Package: tabularx 2016/02/03 v2.11 `tabularx' package (DPC)

(/usr/share/texlive/texmf-dist/tex/latex/tools/array.sty
Package: array 2016/10/06 v2.4d Tabular extension package (FMi)
\col@sep=\dimen129
\extrarowheight=\dimen130
\NC@list=\toks26
\extratabsurround=\skip68
\backup@length=\skip69
)
\TX@col@width=\dimen131
\TX@old@table=\dimen132
\TX@old@col=\dimen133
\TX@target=\dimen134
\TX@delta=\dimen135
\TX@cols=\count114
\TX@ftn=\toks27
)
(/usr/share/texlive/texmf-dist/tex/latex/subfigure/subfigure.sty
Package: subfigure 2002/03/15 v2.1.5 subfigure package
\subfigtopskip=\skip70
\subfigcapskip=\skip71
\subfigcaptopadj=\dimen136
\subfigbottomskip=\skip72
\subfigcapmargin=\dimen137
\subfiglabelskip=\skip73
\c@subfigure=\count115
\c@lofdepth=\count116
\c@subtable=\count117
\c@lotdepth=\count118

****************************************
* Local config file subfigure.cfg used *
****************************************
(/usr/share/texlive/texmf-dist/tex/latex/subfigure/subfigure.cfg)
\subfig@top=\skip74
\subfig@bottom=\skip75
)
(/usr/share/texlive/texmf-dist/tex/latex/tools/longtable.sty
Package: longtable 2014/10/28 v4.11 Multi-page Table package (DPC)
\LTleft=\skip76
\LTright=\skip77
\LTpre=\skip78
\LTpost=\skip79
\LTchunksize=\count119
\LTcapwidth=\dimen138
\LT@head=\box35
\LT@firsthead=\box36
\LT@foot=\box37
\LT@lastfoot=\box38
\LT@cols=\count120
\LT@rows=\count121
\c@LT@tables=\count122
\c@LT@chunks=\count123
\LT@p@ftn=\toks28
)
Class scrbook Info: longtable captions redefined on input line 20.

(/usr/share/texlive/texmf-dist/tex/latex/multirow/multirow.sty
Package: multirow 2016/11/25 v2.2 Span multiple rows of a table
\multirow@colwidth=\skip80
\multirow@cntb=\count124
\multirow@dima=\skip81
\bigstrutjot=\dimen139
)
(/usr/share/texlive/texmf-dist/tex/latex/enumitem/enumitem.sty
Package: enumitem 2011/09/28 v3.5.2 Customized lists
\labelindent=\skip82
\enit@outerparindent=\dimen140
\enit@toks=\toks29
\enit@inbox=\box39
\enitdp@description=\count125
)
(/usr/share/texlive/texmf-dist/tex/latex/graphics/rotating.sty
Package: rotating 2016/08/11 v2.16d rotated objects in LaTeX

(/usr/share/texlive/texmf-dist/tex/latex/base/ifthen.sty
Package: ifthen 2014/09/29 v1.1c Standard LaTeX ifthen package (DPC)
)
\c@r@tfl@t=\count126
\rotFPtop=\skip83
\rotFPbot=\skip84
\rot@float@box=\box40
\rot@mess@toks=\toks30
)
(/usr/share/texlive/texmf-dist/tex/latex/endnotes/endnotes.sty
\c@endnote=\count127
\endnotesep=\dimen141
\@enotes=\write3
) (./Befehle.sty) (./PlantillaTesisMSc.aux (./HojaTitulo/HojaTituloMSc.aux)
LaTeX Info: Redefining \. on input line 8.
LaTeX Info: Redefining \% on input line 8.
 (./Kap1/Kap1.aux)
(./Estado/Estado.aux) (./Kap2/Kap2.aux) (./Kap3/Kap3.aux) (./Kap4/Kap4.aux)
(./Kap5/Kap5.aux))
\openout1 = `PlantillaTesisMSc.aux'.

LaTeX Font Info:    Checking defaults for OML/cmm/m/it on input line 65.
LaTeX Font Info:    ... okay on input line 65.
LaTeX Font Info:    Checking defaults for T1/cmr/m/n on input line 65.
LaTeX Font Info:    ... okay on input line 65.
LaTeX Font Info:    Checking defaults for OT1/cmr/m/n on input line 65.
LaTeX Font Info:    ... okay on input line 65.
LaTeX Font Info:    Checking defaults for OMS/cmsy/m/n on input line 65.
LaTeX Font Info:    ... okay on input line 65.
LaTeX Font Info:    Checking defaults for OMX/cmex/m/n on input line 65.
LaTeX Font Info:    ... okay on input line 65.
LaTeX Font Info:    Checking defaults for U/cmr/m/n on input line 65.
LaTeX Font Info:    ... okay on input line 65.
LaTeX Info: Redefining \. on input line 65.
LaTeX Info: Redefining \% on input line 65.

(/usr/share/texlive/texmf-dist/tex/context/base/mkii/supp-pdf.mkii
[Loading MPS to PDF converter (version 2006.09.02).]
\scratchcounter=\count128
\scratchdimen=\dimen142
\scratchbox=\box41
\nofMPsegments=\count129
\nofMParguments=\count130
\everyMPshowfont=\toks31
\MPscratchCnt=\count131
\MPscratchDim=\dimen143
\MPnumerator=\count132
\makeMPintoPDFobject=\count133
\everyMPtoPDFconversion=\toks32
) (/usr/share/texlive/texmf-dist/tex/latex/oberdiek/epstopdf-base.sty
Package: epstopdf-base 2016/05/15 v2.6 Base part for package epstopdf

(/usr/share/texlive/texmf-dist/tex/generic/oberdiek/infwarerr.sty
Package: infwarerr 2016/05/16 v1.4 Providing info/warning/error messages (HO)
)
(/usr/share/texlive/texmf-dist/tex/latex/oberdiek/grfext.sty
Package: grfext 2016/05/16 v1.2 Manage graphics extensions (HO)

(/usr/share/texlive/texmf-dist/tex/generic/oberdiek/kvdefinekeys.sty
Package: kvdefinekeys 2016/05/16 v1.4 Define keys (HO)

(/usr/share/texlive/texmf-dist/tex/generic/oberdiek/ltxcmds.sty
Package: ltxcmds 2016/05/16 v1.23 LaTeX kernel commands for general use (HO)
)))
(/usr/share/texlive/texmf-dist/tex/latex/oberdiek/kvoptions.sty
Package: kvoptions 2016/05/16 v3.12 Key value format for package options (HO)

(/usr/share/texlive/texmf-dist/tex/generic/oberdiek/kvsetkeys.sty
Package: kvsetkeys 2016/05/16 v1.17 Key value parser (HO)

(/usr/share/texlive/texmf-dist/tex/generic/oberdiek/etexcmds.sty
Package: etexcmds 2016/05/16 v1.6 Avoid name clashes with e-TeX commands (HO)

(/usr/share/texlive/texmf-dist/tex/generic/oberdiek/ifluatex.sty
Package: ifluatex 2016/05/16 v1.4 Provides the ifluatex switch (HO)
Package ifluatex Info: LuaTeX not detected.
)
Package etexcmds Info: Could not find \expanded.
(etexcmds)             That can mean that you are not using pdfTeX 1.50 or
(etexcmds)             that some package has redefined \expanded.
(etexcmds)             In the latter case, load this package earlier.
)))
(/usr/share/texlive/texmf-dist/tex/generic/oberdiek/pdftexcmds.sty
Package: pdftexcmds 2017/03/19 v0.25 Utility functions of pdfTeX for LuaTeX (HO
)

(/usr/share/texlive/texmf-dist/tex/generic/oberdiek/ifpdf.sty
Package: ifpdf 2017/03/15 v3.2 Provides the ifpdf switch
)
Package pdftexcmds Info: LuaTeX not detected.
Package pdftexcmds Info: \pdf@primitive is available.
Package pdftexcmds Info: \pdf@ifprimitive is available.
Package pdftexcmds Info: \pdfdraftmode found.
)
Package epstopdf-base Info: Redefining graphics rule for `.eps' on input line 4
38.
Package grfext Info: Graphics extension search list:
(grfext)             [.pdf,.png,.jpg,.mps,.jpeg,.jbig2,.jb2,.PDF,.PNG,.JPG,.JPE
G,.JBIG2,.JB2,.eps]
(grfext)             \AppendGraphicsExtensions on input line 456.

(/usr/share/texlive/texmf-dist/tex/latex/latexconfig/epstopdf-sys.cfg
File: epstopdf-sys.cfg 2010/07/13 v1.3 Configuration of (r)epstopdf for TeX Liv
e
))
\openout2 = `HojaTitulo/HojaTituloMSc.aux'.


(./HojaTitulo/HojaTituloMSc.tex
<HojaTitulo/escudo.png, id=1, 161.10187pt x 173.14688pt>
File: HojaTitulo/escudo.png Graphic file (type png)
<use HojaTitulo/escudo.png>
Package pdftex.def Info: HojaTitulo/escudo.png  used on input line 6. on input 
line 6.
Package pdftex.def Info: Requested size: 128.88167pt x 138.51768pt on input lin
e 6.
 [1


{/var/lib/texmf/fonts/map/pdftex/updmap/pdftex.map} <./HojaTitulo/escudo.png>] 
[2


] [3] [4


]
Underfull \hbox (badness 10000) in paragraph at lines 44--47

 []


Underfull \hbox (badness 10000) in paragraph at lines 44--47

 []


Underfull \hbox (badness 10000) in paragraph at lines 44--47

 []


Underfull \hbox (badness 10000) in paragraph at lines 50--52

 []


Underfull \hbox (badness 10000) in paragraph at lines 50--52

 []

LaTeX Font Info:    Try loading font information for U+msa on input line 52.
(/usr/share/texlive/texmf-dist/tex/latex/amsfonts/umsa.fd
File: umsa.fd 2013/01/14 v3.01 AMS symbols A
)
LaTeX Font Info:    Try loading font information for U+msb on input line 52.

(/usr/share/texlive/texmf-dist/tex/latex/amsfonts/umsb.fd
File: umsb.fd 2013/01/14 v3.01 AMS symbols B
) [5] [6


]
Underfull \hbox (badness 10000) in paragraph at lines 58--63

 []


Underfull \hbox (badness 10000) in paragraph at lines 58--63

 []


Underfull \hbox (badness 10000) in paragraph at lines 58--63

 []


Underfull \hbox (badness 10000) in paragraph at lines 58--63

 []

[7] [8


]
Underfull \hbox (badness 10000) in paragraph at lines 67--70

 []


Underfull \hbox (badness 10000) in paragraph at lines 67--70

 []


Underfull \hbox (badness 10000) in paragraph at lines 71--72

 []


Underfull \hbox (badness 10000) in paragraph at lines 73--74

 []


Underfull \hbox (badness 10000) in paragraph at lines 75--76

 []

)
Underfull \hbox (badness 10000) in paragraph at lines 78--67

 []


Underfull \hbox (badness 10000) in paragraph at lines 78--67

 []


Underfull \vbox (badness 10000) has occurred while \output is active []

 [9]
[10] (./PlantillaTesisMSc.toc
Package tocbasic Info: Using my definition of `\numberline' on input line 1.


LaTeX Font Warning: Font shape `OT1/cmss/bx/sc' undefined
(Font)              using `OT1/cmss/bx/n' instead on input line 1.


Package spanish Warning: Replacing `OT1/cmss/bx/sc' by 
(spanish)                faked small caps on input line 1.

Package tocbasic Info: Using my definition of `\numberline' on input line 2.

Package spanish Warning: Replacing `OT1/cmss/bx/sc' by 
(spanish)                faked small caps on input line 2.

LaTeX Info: Redefining \. on input line 3.
LaTeX Info: Redefining \% on input line 3.
Package tocbasic Info: Using my definition of `\numberline' on input line 4.
Package tocbasic Info: Using my definition of `\numberline' on input line 5.
Package tocbasic Info: Using my definition of `\numberline' on input line 6.
Package tocbasic Info: Using my definition of `\numberline' on input line 7.
Package tocbasic Info: Using my definition of `\numberline' on input line 8.
Package tocbasic Info: Using my definition of `\numberline' on input line 9.
Package tocbasic Info: Using my definition of `\numberline' on input line 10.
Package tocbasic Info: Using my definition of `\numberline' on input line 11.
Package tocbasic Info: Using my definition of `\numberline' on input line 12.
Package tocbasic Info: Using my definition of `\numberline' on input line 13.
Package tocbasic Info: Using my definition of `\numberline' on input line 14.
Package tocbasic Info: Using my definition of `\numberline' on input line 15.
Package tocbasic Info: Using my definition of `\numberline' on input line 18.
Package tocbasic Info: Using my definition of `\numberline' on input line 19.
Package tocbasic Info: Using my definition of `\numberline' on input line 20.
Package tocbasic Info: Using my definition of `\numberline' on input line 21.
Package tocbasic Info: Using my definition of `\numberline' on input line 22.
Package tocbasic Info: Using my definition of `\numberline' on input line 23.
Package tocbasic Info: Using my definition of `\numberline' on input line 24.
Package tocbasic Info: Using my definition of `\numberline' on input line 25.
Package tocbasic Info: Using my definition of `\numberline' on input line 26.
Package tocbasic Info: Using my definition of `\numberline' on input line 27.
Package tocbasic Info: Using my definition of `\numberline' on input line 30.
Package tocbasic Info: Using my definition of `\numberline' on input line 31.
Package tocbasic Info: Using my definition of `\numberline' on input line 32.
Package tocbasic Info: Using my definition of `\numberline' on input line 33.

Underfull \vbox (badness 1308) has occurred while \output is active []

 [11


]
Package tocbasic Info: Using my definition of `\numberline' on input line 34.
Package tocbasic Info: Using my definition of `\numberline' on input line 35.
Package tocbasic Info: Using my definition of `\numberline' on input line 36.
Package tocbasic Info: Using my definition of `\numberline' on input line 37.
Package tocbasic Info: Using my definition of `\numberline' on input line 38.
Package tocbasic Info: Using my definition of `\numberline' on input line 39.
Package tocbasic Info: Using my definition of `\numberline' on input line 42.
Package tocbasic Info: Using my definition of `\numberline' on input line 43.
Package tocbasic Info: Using my definition of `\numberline' on input line 44.
Package tocbasic Info: Using my definition of `\numberline' on input line 45.
Package tocbasic Info: Using my definition of `\numberline' on input line 46.
Package tocbasic Info: Using my definition of `\numberline' on input line 47.
Package tocbasic Info: Using my definition of `\numberline' on input line 48.
Package tocbasic Info: Using my definition of `\numberline' on input line 49.
Package tocbasic Info: Using my definition of `\numberline' on input line 50.
Package tocbasic Info: Using my definition of `\numberline' on input line 51.
Package tocbasic Info: Using my definition of `\numberline' on input line 52.
Package tocbasic Info: Using my definition of `\numberline' on input line 53.
Package tocbasic Info: Using my definition of `\numberline' on input line 54.
Package tocbasic Info: Using my definition of `\numberline' on input line 55.
)
\tf@toc=\write4
\openout4 = `PlantillaTesisMSc.toc'.

LaTeX Info: Redefining \. on input line 78.
LaTeX Info: Redefining \% on input line 78.

[1] [2


] (./PlantillaTesisMSc.lof
LaTeX Info: Redefining \. on input line 1.
LaTeX Info: Redefining \% on input line 1.
 [3

])
\tf@lof=\write5
\openout5 = `PlantillaTesisMSc.lof'.

LaTeX Info: Redefining \. on input line 82.
LaTeX Info: Redefining \% on input line 82.
 [4] (./PlantillaTesisMSc.lot
LaTeX Info: Redefining \. on input line 1.
LaTeX Info: Redefining \% on input line 1.
)
\tf@lot=\write6
\openout6 = `PlantillaTesisMSc.lot'.

 [5



]
\openout2 = `Kap1/Kap1.aux'.


(./Kap1/Kap1.tex
chapter 1.

Class scrbook Warning: \float@addtolists detected!
(scrbook)              Implementation of \float@addtolist became
(scrbook)              deprecated in KOMA-Script v3.01 2008/11/14 and
(scrbook)              has been replaced by several more flexible
(scrbook)              features of package `tocbasic`.
(scrbook)              Since Version 3.12 support for deprecated
(scrbook)              \float@addtolist interface has been
(scrbook)              restricted to only some of the KOMA-Script
(scrbook)              features and been removed from others.
(scrbook)              Loading of package `scrhack' may help to
(scrbook)              avoid this warning, if you are using a
(scrbook)              a package that still implements the
(scrbook)              deprecated \float@addtolist interface .


Underfull \hbox (badness 10000) in paragraph at lines 3--4

 []


Underfull \hbox (badness 10000) in paragraph at lines 5--6

 []


Underfull \hbox (badness 10000) in paragraph at lines 7--8

 []


Underfull \hbox (badness 10000) in paragraph at lines 9--10

 []

[6


]
Underfull \hbox (badness 10000) in paragraph at lines 11--12

 []


Underfull \hbox (badness 10000) in paragraph at lines 13--14

 []


Underfull \hbox (badness 10000) in paragraph at lines 15--16

 []


Underfull \hbox (badness 10000) in paragraph at lines 17--18

 []


Underfull \hbox (badness 10000) in paragraph at lines 19--20

 []


Underfull \hbox (badness 10000) in paragraph at lines 21--22

 []

[7]
LaTeX Info: Redefining \. on input line 42.
LaTeX Info: Redefining \% on input line 42.
 [8]
Overfull \hbox (7.90045pt too wide) in paragraph at lines 70--71
[]\OT1/cmr/m/n/12 Propuesta del mo-de-lo de mi-ner^^S^^Pa en da-tos cl^^S^^Pni-
cos. Con-fe-ren-cia Py-con Co-lom-bia.Medell^^S^^Pn
 []

[9])
LaTeX Info: Redefining \. on input line 87.
LaTeX Info: Redefining \% on input line 87.
 [10]
\openout2 = `Estado/Estado.aux'.

 (./Estado/Estado.tex
chapter 2.

Underfull \hbox (badness 10000) in paragraph at lines 3--4

 []


Underfull \hbox (badness 10000) in paragraph at lines 9--10

 []


Underfull \hbox (badness 10000) in paragraph at lines 11--12

 []

[11



]
Underfull \hbox (badness 10000) in paragraph at lines 13--14

 []


Underfull \hbox (badness 10000) in paragraph at lines 15--16

 []


Underfull \hbox (badness 10000) in paragraph at lines 21--22

 []

<Estado/snp.png, id=83, 964.60374pt x 517.935pt>
File: Estado/snp.png Graphic file (type png)
<use Estado/snp.png>
Package pdftex.def Info: Estado/snp.png  used on input line 25. on input line 2
5.
Package pdftex.def Info: Requested size: 234.73523pt x 126.03769pt on input lin
e 25.

LaTeX Warning: `!h' float specifier changed to `!ht'.


Underfull \hbox (badness 10000) in paragraph at lines 29--30

 []


Underfull \hbox (badness 10000) in paragraph at lines 32--33

 []

LaTeX Info: Redefining \. on input line 33.
LaTeX Info: Redefining \% on input line 33.
[12]
Underfull \hbox (badness 10000) in paragraph at lines 34--35

 []


Underfull \vbox (badness 10000) has occurred while \output is active []

LaTeX Info: Redefining \. on input line 41.
LaTeX Info: Redefining \% on input line 41.
 [13 <./Estado/snp.png>]
Underfull \hbox (badness 10000) in paragraph at lines 44--45

 []


Underfull \hbox (badness 10000) in paragraph at lines 57--58

 []


Underfull \hbox (badness 10000) in paragraph at lines 59--60

 []

LaTeX Info: Redefining \. on input line 60.
LaTeX Info: Redefining \% on input line 60.
[14]
Underfull \hbox (badness 10000) in paragraph at lines 65--66

 []


Underfull \hbox (badness 10000) in paragraph at lines 67--68

 []


Underfull \hbox (badness 10000) in paragraph at lines 69--70

 []


Underfull \hbox (badness 10000) in paragraph at lines 71--72

 []

LaTeX Info: Redefining \. on input line 72.
LaTeX Info: Redefining \% on input line 72.
[15]
Underfull \hbox (badness 10000) in paragraph at lines 73--74

 []


Underfull \hbox (badness 10000) in paragraph at lines 75--76

 []


Underfull \hbox (badness 10000) in paragraph at lines 77--78

 []


Underfull \hbox (badness 10000) in paragraph at lines 79--80

 []


Underfull \hbox (badness 10000) in paragraph at lines 81--82

 []

LaTeX Info: Redefining \. on input line 82.
LaTeX Info: Redefining \% on input line 82.
[16]
Underfull \hbox (badness 3271) in paragraph at lines 92--92
[]|\OT1/cmr/m/n/12 iCOD In-te-gra-ted Cli-ni-cal
 []


Underfull \hbox (badness 10000) in paragraph at lines 94--94
[]|\OT1/cmr/m/n/12 iDASH In-te-gra-ting da-ta
 []

LaTeX Info: Redefining \. on input line 103.
LaTeX Info: Redefining \% on input line 103.
[17]

LaTeX Warning: No positions in optional float specifier.
               Default added (so using `tbp') on input line 104.


Underfull \hbox (badness 10000) in paragraph at lines 119--120

 []


Underfull \hbox (badness 10000) in paragraph at lines 121--122

 []


Underfull \hbox (badness 10000) in paragraph at lines 123--124

 []

LaTeX Info: Redefining \. on input line 124.
LaTeX Info: Redefining \% on input line 124.
[18]
Underfull \hbox (badness 10000) in paragraph at lines 125--126

 []


Underfull \hbox (badness 10000) in paragraph at lines 127--128

 []


Underfull \hbox (badness 10000) in paragraph at lines 129--130

 []

LaTeX Info: Redefining \. on input line 132.
LaTeX Info: Redefining \% on input line 132.
[19]
Underfull \hbox (badness 10000) in paragraph at lines 135--136

 []


Underfull \hbox (badness 10000) in paragraph at lines 137--138

 []


Underfull \hbox (badness 10000) in paragraph at lines 139--140

 []

LaTeX Info: Redefining \. on input line 150.
LaTeX Info: Redefining \% on input line 150.
[20]
Underfull \hbox (badness 10000) in paragraph at lines 153--154

 []


Underfull \hbox (badness 10000) in paragraph at lines 155--156

 []


Underfull \hbox (badness 10000) in paragraph at lines 162--163

 []


Underfull \hbox (badness 10000) in paragraph at lines 164--165

 []

LaTeX Info: Redefining \. on input line 165.
LaTeX Info: Redefining \% on input line 165.
[21]
Underfull \hbox (badness 10000) in paragraph at lines 172--173

 []


Underfull \hbox (badness 10000) in paragraph at lines 174--175

 []


Underfull \hbox (badness 10000) in paragraph at lines 176--177

 []

LaTeX Info: Redefining \. on input line 177.
LaTeX Info: Redefining \% on input line 177.
[22]
Underfull \hbox (badness 10000) in paragraph at lines 178--179

 []


Underfull \hbox (badness 10000) in paragraph at lines 180--181

 []


Underfull \hbox (badness 10000) in paragraph at lines 182--183

 []


Underfull \hbox (badness 10000) in paragraph at lines 195--196

 []

LaTeX Info: Redefining \. on input line 202.
LaTeX Info: Redefining \% on input line 202.
[23]
Underfull \hbox (badness 10000) in paragraph at lines 217--219

 []


Underfull \hbox (badness 10000) in paragraph at lines 228--229

 []

LaTeX Info: Redefining \. on input line 231.
LaTeX Info: Redefining \% on input line 231.
[24]
LaTeX Info: Redefining \. on input line 251.
LaTeX Info: Redefining \% on input line 251.
 [25])
LaTeX Info: Redefining \. on input line 88.
LaTeX Info: Redefining \% on input line 88.
 [26]
\openout2 = `Kap2/Kap2.aux'.

 (./Kap2/Kap2.tex
chapter 3.

Underfull \hbox (badness 10000) in paragraph at lines 3--4

 []


Underfull \hbox (badness 10000) in paragraph at lines 20--21

 []

[27



]
Underfull \hbox (badness 10000) in paragraph at lines 22--23

 []


Underfull \hbox (badness 10000) in paragraph at lines 28--29

 []


Underfull \hbox (badness 10000) in paragraph at lines 30--31

 []


Underfull \hbox (badness 10000) in paragraph at lines 32--43

 []


Underfull \hbox (badness 10000) in paragraph at lines 32--43

 []


Underfull \hbox (badness 10000) in paragraph at lines 32--43

 []


Underfull \hbox (badness 10000) in paragraph at lines 32--43

 []


Underfull \hbox (badness 10000) in paragraph at lines 32--43

 []

LaTeX Info: Redefining \. on input line 43.
LaTeX Info: Redefining \% on input line 43.
[28]
Underfull \hbox (badness 10000) in paragraph at lines 46--47

 []

<Kap2/pipeline1.png, id=143, 1543.6872pt x 1158.729pt>
File: Kap2/pipeline1.png Graphic file (type png)
<use Kap2/pipeline1.png>
Package pdftex.def Info: Kap2/pipeline1.png  used on input line 52. on input li
ne 52.
Package pdftex.def Info: Requested size: 281.68513pt x 211.4265pt on input line
 52.
LaTeX Info: Redefining \. on input line 62.
LaTeX Info: Redefining \% on input line 62.
[29 <./Kap2/pipeline1.png

pdfTeX warning: /usr/bin/pdflatex (file ./Kap2/pipeline1.png): large interlaced
 PNG might cause out of memory (use non-interlaced PNG to fix this)
>]
Underfull \hbox (badness 10000) in paragraph at lines 76--77

 []


Underfull \hbox (badness 10000) in paragraph at lines 78--79

 []

Package epstopdf Info: Source file: <Kap2/fastq2.eps>
(epstopdf)                    date: 2019-02-26 14:49:48
(epstopdf)                    size: 3262620 bytes
(epstopdf)             Output file: <Kap2/fastq2-eps-converted-to.pdf>
(epstopdf)                    date: 2019-02-26 14:49:48
(epstopdf)                    size: 21031 bytes
(epstopdf)             Command: <repstopdf --outfile=Kap2/fastq2-eps-converted-
to.pdf Kap2/fastq2.eps>
(epstopdf)             \includegraphics on input line 82.
Package epstopdf Info: Output file is already uptodate.
<Kap2/fastq2-eps-converted-to.pdf, id=149, pagebox=cropbox, 866.23625pt x 623.3
2875pt>
File: Kap2/fastq2-eps-converted-to.pdf Graphic file (type pdf)
<use Kap2/fastq2-eps-converted-to.pdf>
Package pdftex.def Info: Kap2/fastq2-eps-converted-to.pdf  used on input line 8
2. on input line 82.
Package pdftex.def Info: Requested size: 187.78531pt x 135.12587pt on input lin
e 82.
LaTeX Info: Redefining \. on input line 85.
LaTeX Info: Redefining \% on input line 85.
[30]
Underfull \hbox (badness 10000) in paragraph at lines 86--87

 []

<Kap2/variantesomics.png, id=154, 702.625pt x 501.875pt>
File: Kap2/variantesomics.png Graphic file (type png)
<use Kap2/variantesomics.png>
Package pdftex.def Info: Kap2/variantesomics.png  used on input line 115. on in
put line 115.
Package pdftex.def Info: Requested size: 234.73523pt x 167.66394pt on input lin
e 115.

Underfull \vbox (badness 2158) has occurred while \output is active []

LaTeX Info: Redefining \. on input line 118.
LaTeX Info: Redefining \% on input line 118.
 [31 <./Kap2/fastq2-eps-converted-to.pdf>]
Package epstopdf Info: Source file: <Kap2/variantescalibradas.eps>
(epstopdf)                    date: 2019-02-26 14:49:48
(epstopdf)                    size: 2095044 bytes
(epstopdf)             Output file: <Kap2/variantescalibradas-eps-converted-to.
pdf>
(epstopdf)                    date: 2019-02-26 14:49:48
(epstopdf)                    size: 11175 bytes
(epstopdf)             Command: <repstopdf --outfile=Kap2/variantescalibradas-e
ps-converted-to.pdf Kap2/variantescalibradas.eps>
(epstopdf)             \includegraphics on input line 124.
Package epstopdf Info: Output file is already uptodate.
<Kap2/variantescalibradas-eps-converted-to.pdf, id=161, pagebox=cropbox, 896.34
875pt x 386.44376pt>
File: Kap2/variantescalibradas-eps-converted-to.pdf Graphic file (type pdf)
<use Kap2/variantescalibradas-eps-converted-to.pdf>
Package pdftex.def Info: Kap2/variantescalibradas-eps-converted-to.pdf  used on
 input line 124. on input line 124.
Package pdftex.def Info: Requested size: 234.73523pt x 101.19829pt on input lin
e 124.
Package epstopdf Info: Source file: <Kap2/variantesillumina.eps>
(epstopdf)                    date: 2019-02-26 14:49:48
(epstopdf)                    size: 2047612 bytes
(epstopdf)             Output file: <Kap2/variantesillumina-eps-converted-to.pd
f>
(epstopdf)                    date: 2019-02-26 14:49:48
(epstopdf)                    size: 12587 bytes
(epstopdf)             Command: <repstopdf --outfile=Kap2/variantesillumina-eps
-converted-to.pdf Kap2/variantesillumina.eps>
(epstopdf)             \includegraphics on input line 127.
Package epstopdf Info: Output file is already uptodate.
<Kap2/variantesillumina-eps-converted-to.pdf, id=162, pagebox=cropbox, 878.2812
5pt x 385.44pt>
File: Kap2/variantesillumina-eps-converted-to.pdf Graphic file (type pdf)
<use Kap2/variantesillumina-eps-converted-to.pdf>
Package pdftex.def Info: Kap2/variantesillumina-eps-converted-to.pdf  used on i
nput line 127. on input line 127.
Package pdftex.def Info: Requested size: 234.73523pt x 103.01155pt on input lin
e 127.

Overfull \hbox (10.44434pt too wide) in paragraph at lines 124--128
[][] [] 
 []


Underfull \hbox (badness 10000) in paragraph at lines 132--133

 []


LaTeX Warning: No positions in optional float specifier.
               Default added (so using `tbp') on input line 134.

<Kap2/latex_table.png, id=163, 501.875pt x 803.0pt>
File: Kap2/latex_table.png Graphic file (type png)
<use Kap2/latex_table.png>
Package pdftex.def Info: Kap2/latex_table.png  used on input line 136. on input
 line 136.
Package pdftex.def Info: Requested size: 187.78531pt x 300.46262pt on input lin
e 136.

LaTeX Warning: No positions in optional float specifier.
               Default added (so using `tbp') on input line 140.

<Kap2/variaciones.png, id=164, 1102.1175pt x 491.8375pt>
File: Kap2/variaciones.png Graphic file (type png)
<use Kap2/variaciones.png>
Package pdftex.def Info: Kap2/variaciones.png  used on input line 142. on input
 line 142.
Package pdftex.def Info: Requested size: 469.47046pt x 209.51222pt on input lin
e 142.

Underfull \hbox (badness 10000) in paragraph at lines 146--147

 []


Underfull \hbox (badness 10000) in paragraph at lines 148--149

 []

LaTeX Info: Redefining \. on input line 149.
LaTeX Info: Redefining \% on input line 149.
[32 <./Kap2/variantesomics.png> <./Kap2/variantescalibradas-eps-converted-to.pd
f> <./Kap2/variantesillumina-eps-converted-to.pdf>]
LaTeX Info: Redefining \. on input line 149.
LaTeX Info: Redefining \% on input line 149.
 [33 <./Kap2/latex_table.png> <./Kap2/variaciones.png>]

LaTeX Warning: No positions in optional float specifier.
               Default added (so using `tbp') on input line 150.



pdfTeX warning: /usr/bin/pdflatex (file ./Kap2/validacion2.pdf): PDF inclusion:
 found PDF version <1.7>, but at most version <1.5> allowed
<Kap2/validacion2.pdf, id=181, pagebox=cropbox, 379.4175pt x 284.62335pt>
File: Kap2/validacion2.pdf Graphic file (type pdf)
<use Kap2/validacion2.pdf>
Package pdftex.def Info: Kap2/validacion2.pdf  used on input line 152. on input
 line 152.
Package pdftex.def Info: Requested size: 140.84256pt x 105.65642pt on input lin
e 152.

Underfull \hbox (badness 10000) in paragraph at lines 158--159

 []


Underfull \hbox (badness 10000) in paragraph at lines 177--178

 []


LaTeX Warning: No positions in optional float specifier.
               Default added (so using `tbp') on input line 179.

<Kap2/latex_table2.png, id=182, 501.875pt x 772.8875pt>
File: Kap2/latex_table2.png Graphic file (type png)
<use Kap2/latex_table2.png>
Package pdftex.def Info: Kap2/latex_table2.png  used on input line 181. on inpu
t line 181.
Package pdftex.def Info: Requested size: 187.78531pt x 289.19525pt on input lin
e 181.
<Kap2/variantesexo1.png, id=183, 846.16125pt x 474.77374pt>
File: Kap2/variantesexo1.png Graphic file (type png)
<use Kap2/variantesexo1.png>
Package pdftex.def Info: Kap2/variantesexo1.png  used on input line 189. on inp
ut line 189.
Package pdftex.def Info: Requested size: 234.73523pt x 131.70418pt on input lin
e 189.
<Kap2/variantesexo2.png, id=184, 734.745pt x 572.1375pt>
File: Kap2/variantesexo2.png Graphic file (type png)
<use Kap2/variantesexo2.png>
Package pdftex.def Info: Kap2/variantesexo2.png  used on input line 192. on inp
ut line 192.
Package pdftex.def Info: Requested size: 164.31752pt x 127.9484pt on input line
 192.

Underfull \vbox (badness 10000) has occurred while \output is active []

LaTeX Info: Redefining \. on input line 196.
LaTeX Info: Redefining \% on input line 196.
 [34 <./Kap2/validacion2.pdf>]
Underfull \hbox (badness 10000) in paragraph at lines 197--198

 []

<Kap2/variaciones2.png, id=197, 1103.12125pt x 455.7025pt>
File: Kap2/variaciones2.png Graphic file (type png)
<use Kap2/variaciones2.png>
Package pdftex.def Info: Kap2/variaciones2.png  used on input line 201. on inpu
t line 201.
Package pdftex.def Info: Requested size: 469.47046pt x 193.93869pt on input lin
e 201.

Underfull \vbox (badness 10000) has occurred while \output is active []

LaTeX Info: Redefining \. on input line 204.
LaTeX Info: Redefining \% on input line 204.
 [35 <./Kap2/latex_table2.png> <./Kap2/variantesexo1.png> <./Kap2/variantesexo2
.png>]
Underfull \hbox (badness 10000) in paragraph at lines 205--206

 []



pdfTeX warning: /usr/bin/pdflatex (file ./Kap2/validacion1.pdf): PDF inclusion:
 found PDF version <1.7>, but at most version <1.5> allowed
<Kap2/validacion1.pdf, id=204, pagebox=cropbox, 379.4175pt x 284.62335pt>
File: Kap2/validacion1.pdf Graphic file (type pdf)
<use Kap2/validacion1.pdf>
Package pdftex.def Info: Kap2/validacion1.pdf  used on input line 209. on input
 line 209.
Package pdftex.def Info: Requested size: 93.89265pt x 70.43472pt on input line 
209.

Underfull \hbox (badness 10000) in paragraph at lines 213--214

 []

LaTeX Info: Redefining \. on input line 218.
LaTeX Info: Redefining \% on input line 218.
[36 <./Kap2/variaciones2.png> <./Kap2/validacion1.pdf>]
Underfull \hbox (badness 10000) in paragraph at lines 250--251

 []


Underfull \hbox (badness 10000) in paragraph at lines 254--255

 []

<Kap2/IGV.png, id=217, 1371.1225pt x 743.77875pt>
File: Kap2/IGV.png Graphic file (type png)
<use Kap2/IGV.png>
Package pdftex.def Info: Kap2/IGV.png  used on input line 260. on input line 26
0.
Package pdftex.def Info: Requested size: 469.47046pt x 254.66324pt on input lin
e 260.
LaTeX Info: Redefining \. on input line 262.
LaTeX Info: Redefining \% on input line 262.
[37]
Underfull \hbox (badness 10000) in paragraph at lines 268--269

 []


Underfull \hbox (badness 10000) in paragraph at lines 270--271

 []

LaTeX Info: Redefining \. on input line 271.
LaTeX Info: Redefining \% on input line 271.
[38 <./Kap2/IGV.png>]
Underfull \hbox (badness 10000) in paragraph at lines 279--280

 []


Underfull \hbox (badness 10000) in paragraph at lines 286--287

 []

LaTeX Info: Redefining \. on input line 287.
LaTeX Info: Redefining \% on input line 287.
[39]
Underfull \hbox (badness 10000) in paragraph at lines 288--289

 []


Underfull \hbox (badness 10000) in paragraph at lines 290--291

 []


Underfull \hbox (badness 10000) in paragraph at lines 296--297

 []

LaTeX Info: Redefining \. on input line 297.
LaTeX Info: Redefining \% on input line 297.
[40]
Underfull \hbox (badness 10000) in paragraph at lines 298--299

 []


Underfull \hbox (badness 10000) in paragraph at lines 301--302

 []


Underfull \hbox (badness 10000) in paragraph at lines 303--304

 []


Underfull \hbox (badness 10000) in paragraph at lines 309--310

 []


Underfull \hbox (badness 10000) in paragraph at lines 311--312

 []


Underfull \hbox (badness 10000) in paragraph at lines 313--314

 []

LaTeX Info: Redefining \. on input line 314.
LaTeX Info: Redefining \% on input line 314.
[41])
LaTeX Info: Redefining \. on input line 89.
LaTeX Info: Redefining \% on input line 89.
 [42]
\openout2 = `Kap3/Kap3.aux'.

 (./Kap3/Kap3.tex
chapter 4.

Underfull \hbox (badness 10000) in paragraph at lines 3--4

 []


Underfull \hbox (badness 10000) in paragraph at lines 16--17

 []


LaTeX Warning: No positions in optional float specifier.
               Default added (so using `tbp') on input line 18.

<Kap3/EER.png, id=238, 950.55125pt x 1117.17375pt>
File: Kap3/EER.png Graphic file (type png)
<use Kap3/EER.png>
Package pdftex.def Info: Kap3/EER.png  used on input line 20. on input line 20.

Package pdftex.def Info: Requested size: 469.47046pt x 551.76685pt on input lin
e 20.
[43



]
LaTeX Info: Redefining \. on input line 39.
LaTeX Info: Redefining \% on input line 39.
 [44 <./Kap3/EER.png>]
Underfull \hbox (badness 10000) in paragraph at lines 68--69

 []

LaTeX Info: Redefining \. on input line 69.
LaTeX Info: Redefining \% on input line 69.
[45]
<Kap3/admin_django.png, id=250, 454.69875pt x 337.26pt>
File: Kap3/admin_django.png Graphic file (type png)
<use Kap3/admin_django.png>
Package pdftex.def Info: Kap3/admin_django.png  used on input line 72. on input
 line 72.
Package pdftex.def Info: Requested size: 187.78531pt x 139.28613pt on input lin
e 72.

Underfull \hbox (badness 10000) in paragraph at lines 76--77

 []

<Kap3/django_admin.png, id=251, 1371.1225pt x 325.215pt>
File: Kap3/django_admin.png Graphic file (type png)
<use Kap3/django_admin.png>
Package pdftex.def Info: Kap3/django_admin.png  used on input line 80. on input
 line 80.
Package pdftex.def Info: Requested size: 469.47046pt x 111.35072pt on input lin
e 80.

Underfull \hbox (badness 10000) in paragraph at lines 84--85

 []


Underfull \hbox (badness 10000) in paragraph at lines 86--87

 []

<Kap3/ingresar_paciente.png, id=252, 1360.08125pt x 603.25375pt>
File: Kap3/ingresar_paciente.png Graphic file (type png)
<use Kap3/ingresar_paciente.png>
Package pdftex.def Info: Kap3/ingresar_paciente.png  used on input line 90. on 
input line 90.
Package pdftex.def Info: Requested size: 469.47046pt x 208.22401pt on input lin
e 90.
LaTeX Info: Redefining \. on input line 92.
LaTeX Info: Redefining \% on input line 92.
[46 <./Kap3/admin_django.png> <./Kap3/django_admin.png>]
Underfull \hbox (badness 10000) in paragraph at lines 94--95

 []

<Kap3/consulta.png, id=258, 1371.1225pt x 600.2425pt>
File: Kap3/consulta.png Graphic file (type png)
<use Kap3/consulta.png>
Package pdftex.def Info: Kap3/consulta.png  used on input line 98. on input lin
e 98.
Package pdftex.def Info: Requested size: 469.47046pt x 205.5177pt on input line
 98.

LaTeX Warning: `h' float specifier changed to `ht'.


Underfull \hbox (badness 10000) in paragraph at lines 103--104

 []


Underfull \hbox (badness 10000) in paragraph at lines 105--106

 []


Underfull \hbox (badness 10000) in paragraph at lines 107--108

 []

LaTeX Info: Redefining \. on input line 110.
LaTeX Info: Redefining \% on input line 110.
[47 <./Kap3/ingresar_paciente.png>]
Underfull \hbox (badness 10000) in paragraph at lines 113--114

 []

)
LaTeX Info: Redefining \. on input line 90.
LaTeX Info: Redefining \% on input line 90.
 [48 <./Kap3/consulta.png>]
\openout2 = `Kap4/Kap4.aux'.

 (./Kap4/Kap4.tex
chapter 5.

Underfull \hbox (badness 10000) in paragraph at lines 3--4

 []


Underfull \hbox (badness 10000) in paragraph at lines 9--10

 []


LaTeX Warning: No positions in optional float specifier.
               Default added (so using `tbp') on input line 11.



pdfTeX warning: /usr/bin/pdflatex (file ./Kap4/KDDtesis.pdf): PDF inclusion: fo
und PDF version <1.7>, but at most version <1.5> allowed
<Kap4/KDDtesis.pdf, id=267, pagebox=cropbox, 963.6pt x 542.025pt>
File: Kap4/KDDtesis.pdf Graphic file (type pdf)
<use Kap4/KDDtesis.pdf>
Package pdftex.def Info: Kap4/KDDtesis.pdf  used on input line 13. on input lin
e 13.
Package pdftex.def Info: Requested size: 469.47046pt x 264.07277pt on input lin
e 13.
[49



]
Underfull \hbox (badness 10000) in paragraph at lines 31--32

 []

<Kap4/general.pdf, id=271, pagebox=cropbox, 469.755pt x 325.215pt>
File: Kap4/general.pdf Graphic file (type pdf)
<use Kap4/general.pdf>
Package pdftex.def Info: Kap4/general.pdf  used on input line 35. on input line
 35.
Package pdftex.def Info: Requested size: 234.73523pt x 162.50784pt on input lin
e 35.

LaTeX Warning: `h' float specifier changed to `ht'.


Underfull \hbox (badness 10000) in paragraph at lines 41--42

 []

LaTeX Info: Redefining \. on input line 42.
LaTeX Info: Redefining \% on input line 42.
[50 <./Kap4/KDDtesis.pdf>]
<Kap4/variantes.png, id=305, 299.61937pt x 299.61937pt>
File: Kap4/variantes.png Graphic file (type png)
<use Kap4/variantes.png>
Package pdftex.def Info: Kap4/variantes.png  used on input line 47. on input li
ne 47.
Package pdftex.def Info: Requested size: 164.31752pt x 164.32027pt on input lin
e 47.
<Kap4/edad.png, id=306, 413.29407pt x 275.52937pt>
File: Kap4/edad.png Graphic file (type png)
<use Kap4/edad.png>
Package pdftex.def Info: Kap4/edad.png  used on input line 50. on input line 50
.
Package pdftex.def Info: Requested size: 258.21017pt x 172.14236pt on input lin
e 50.
LaTeX Info: Redefining \. on input line 57.
LaTeX Info: Redefining \% on input line 57.
 [51 <./Kap4/general.pdf> <./Kap4/variantes.png (PNG copy)> <./Kap4/edad.png (P
NG copy)>]
Underfull \hbox (badness 10000) in paragraph at lines 76--77

 []

<Kap4/sin_stop.png, id=315, 513.92pt x 371.3875pt>
File: Kap4/sin_stop.png Graphic file (type png)
<use Kap4/sin_stop.png>
Package pdftex.def Info: Kap4/sin_stop.png  used on input line 80. on input lin
e 80.
Package pdftex.def Info: Requested size: 227.62204pt x 164.49338pt on input lin
e 80.
<Kap4/frecuecias.pdf, id=316, pagebox=cropbox, 722.7pt x 722.7pt>
File: Kap4/frecuecias.pdf Graphic file (type pdf)
<use Kap4/frecuecias.pdf>
Package pdftex.def Info: Kap4/frecuecias.pdf  used on input line 81. on input l
ine 81.
Package pdftex.def Info: Requested size: 170.71652pt x 170.71672pt on input lin
e 81.
<Kap4/tfidf.pdf, id=317, pagebox=cropbox, 722.7pt x 722.7pt>
File: Kap4/tfidf.pdf Graphic file (type pdf)
<use Kap4/tfidf.pdf>
Package pdftex.def Info: Kap4/tfidf.pdf  used on input line 82. on input line 8
2.
Package pdftex.def Info: Requested size: 170.71652pt x 170.71672pt on input lin
e 82.

Underfull \vbox (badness 2662) has occurred while \output is active []

LaTeX Info: Redefining \. on input line 85.
LaTeX Info: Redefining \% on input line 85.
 [52]
Underfull \hbox (badness 10000) in paragraph at lines 87--88

 []

LaTeX Info: Redefining \. on input line 99.
LaTeX Info: Redefining \% on input line 99.
[53 <./Kap4/sin_stop.png (PNG copy)> <./Kap4/frecuecias.pdf> <./Kap4/tfidf.pdf

pdfTeX warning: /usr/bin/pdflatex (file ./Kap4/tfidf.pdf): PDF inclusion: multi
ple pdfs with page group included in a single page
>]
! Too many }'s.
l.116 ... average, la figura \ref{fig:jerarquico}}
                                                   muestra el resultado:
You've closed more groups than you opened.
Such booboos are generally harmless, so keep going.

<Kap4/averagercortado.png, id=399, 722.7pt x 361.35pt>
File: Kap4/averagercortado.png Graphic file (type png)
<use Kap4/averagercortado.png>
Package pdftex.def Info: Kap4/averagercortado.png  used on input line 120. on i
nput line 120.
Package pdftex.def Info: Requested size: 375.57779pt x 187.7873pt on input line
 120.

Underfull \hbox (badness 10000) in paragraph at lines 125--126

 []

LaTeX Info: Redefining \. on input line 126.
LaTeX Info: Redefining \% on input line 126.
[54 <./Kap4/averagercortado.png>]
<Kap4/Clusters.pdf, id=404, pagebox=cropbox, 433.62pt x 289.08pt>
File: Kap4/Clusters.pdf Graphic file (type pdf)
<use Kap4/Clusters.pdf>
Package pdftex.def Info: Kap4/Clusters.pdf  used on input line 137. on input li
ne 137.
Package pdftex.def Info: Requested size: 187.78531pt x 125.18858pt on input lin
e 137.
<Kap4/S.png, id=405, 578.16pt x 578.16pt>
File: Kap4/S.png Graphic file (type png)
<use Kap4/S.png>
Package pdftex.def Info: Kap4/S.png  used on input line 140. on input line 140.

Package pdftex.def Info: Requested size: 140.84256pt x 140.8344pt on input line
 140.

Underfull \hbox (badness 1902) in paragraph at lines 140--140
[]\OT1/cmr/m/n/10 (b) Va-lor Sil-houet-te por ca-da
 []


Underfull \hbox (badness 10000) in paragraph at lines 146--147

 []

LaTeX Info: Redefining \. on input line 149.
LaTeX Info: Redefining \% on input line 149.
[55 <./Kap4/Clusters.pdf> <./Kap4/S.png>]
Underfull \hbox (badness 10000) in paragraph at lines 163--164

 []


Underfull \hbox (badness 10000) in paragraph at lines 165--166

 []


Underfull \hbox (badness 10000) in paragraph at lines 167--168

 []

LaTeX Info: Redefining \. on input line 170.
LaTeX Info: Redefining \% on input line 170.
[56]
Underfull \hbox (badness 10000) in paragraph at lines 189--190

 []


Underfull \hbox (badness 10000) in paragraph at lines 191--192

 []

<Kap4/cluster1.png, id=447, 513.92pt x 371.3875pt>
File: Kap4/cluster1.png Graphic file (type png)
<use Kap4/cluster1.png>
Package pdftex.def Info: Kap4/cluster1.png  used on input line 205. on input li
ne 205.
Package pdftex.def Info: Requested size: 227.62204pt x 164.49338pt on input lin
e 205.
<Kap4/edadc1.png, id=448, 413.29407pt x 275.52937pt>
File: Kap4/edadc1.png Graphic file (type png)
<use Kap4/edadc1.png>
Package pdftex.def Info: Kap4/edadc1.png  used on input line 207. on input line
 207.
Package pdftex.def Info: Requested size: 227.62204pt x 151.75182pt on input lin
e 207.
LaTeX Info: Redefining \. on input line 210.
LaTeX Info: Redefining \% on input line 210.
[57]
Underfull \hbox (badness 10000) in paragraph at lines 213--214

 []

<Kap4/reglas1_1.png, id=452, 690.58pt x 545.03625pt>
File: Kap4/reglas1_1.png Graphic file (type png)
<use Kap4/reglas1_1.png>
Package pdftex.def Info: Kap4/reglas1_1.png  used on input line 218. on input l
ine 218.
Package pdftex.def Info: Requested size: 227.62204pt x 179.64629pt on input lin
e 218.
<Kap4/reglas1_2.png, id=453, 552.0625pt x 555.07375pt>
File: Kap4/reglas1_2.png Graphic file (type png)
<use Kap4/reglas1_2.png>
Package pdftex.def Info: Kap4/reglas1_2.png  used on input line 220. on input l
ine 220.
Package pdftex.def Info: Requested size: 227.62204pt x 228.8691pt on input line
 220.

LaTeX Warning: `!h' float specifier changed to `!ht'.


Underfull \hbox (badness 10000) in paragraph at lines 225--226

 []


Underfull \hbox (badness 10000) in paragraph at lines 227--228

 []

<Kap4/cluster2.png, id=454, 513.92pt x 371.3875pt>
File: Kap4/cluster2.png Graphic file (type png)
<use Kap4/cluster2.png>
Package pdftex.def Info: Kap4/cluster2.png  used on input line 233. on input li
ne 233.
Package pdftex.def Info: Requested size: 227.62204pt x 164.49338pt on input lin
e 233.
<Kap4/edadc2.png, id=455, 413.29407pt x 277.035pt>
File: Kap4/edadc2.png Graphic file (type png)
<use Kap4/edadc2.png>
Package pdftex.def Info: Kap4/edadc2.png  used on input line 234. on input line
 234.
Package pdftex.def Info: Requested size: 227.62204pt x 152.58107pt on input lin
e 234.

Underfull \vbox (badness 1406) has occurred while \output is active []

LaTeX Info: Redefining \. on input line 237.
LaTeX Info: Redefining \% on input line 237.
 [58 <./Kap4/cluster1.png (PNG copy)> <./Kap4/edadc1.png (PNG copy)>]
<Kap4/reglas2_1.png, id=459, 709.65125pt x 552.0625pt>
File: Kap4/reglas2_1.png Graphic file (type png)
<use Kap4/reglas2_1.png>
Package pdftex.def Info: Kap4/reglas2_1.png  used on input line 243. on input l
ine 243.
Package pdftex.def Info: Requested size: 227.62204pt x 177.07637pt on input lin
e 243.
<Kap4/reglas2_2.png, id=460, 840.13875pt x 557.08125pt>
File: Kap4/reglas2_2.png Graphic file (type png)
<use Kap4/reglas2_2.png>
Package pdftex.def Info: Kap4/reglas2_2.png  used on input line 245. on input l
ine 245.
Package pdftex.def Info: Requested size: 227.62204pt x 150.93246pt on input lin
e 245.


LaTeX Warning: `!h' float specifier changed to `!ht'.

LaTeX Info: Redefining \. on input line 250.
LaTeX Info: Redefining \% on input line 250.
[59 <./Kap4/reglas1_1.png> <./Kap4/reglas1_2.png> <./Kap4/cluster2.png (PNG cop
y)> <./Kap4/edadc2.png (PNG copy)>]
<Kap4/cluster3.png, id=466, 513.92pt x 371.3875pt>
File: Kap4/cluster3.png Graphic file (type png)
<use Kap4/cluster3.png>
Package pdftex.def Info: Kap4/cluster3.png  used on input line 255. on input li
ne 255.
Package pdftex.def Info: Requested size: 227.62204pt x 164.49338pt on input lin
e 255.
<Kap4/edadc3.png, id=467, 413.29407pt x 277.035pt>
File: Kap4/edadc3.png Graphic file (type png)
<use Kap4/edadc3.png>
Package pdftex.def Info: Kap4/edadc3.png  used on input line 256. on input line
 256.
Package pdftex.def Info: Requested size: 227.62204pt x 152.58107pt on input lin
e 256.
LaTeX Info: Redefining \. on input line 261.
LaTeX Info: Redefining \% on input line 261.
 [60 <./Kap4/reglas2_1.png> <./Kap4/reglas2_2.png> <./Kap4/cluster3.png (PNG co
py)> <./Kap4/edadc3.png (PNG copy)>]
<Kap4/reglas3_1.png, id=473, 815.045pt x 549.05125pt>
File: Kap4/reglas3_1.png Graphic file (type png)
<use Kap4/reglas3_1.png>
Package pdftex.def Info: Kap4/reglas3_1.png  used on input line 265. on input l
ine 265.
Package pdftex.def Info: Requested size: 227.62204pt x 153.33116pt on input lin
e 265.
<Kap4/reglas3_2.png, id=474, 656.4525pt x 576.1525pt>
File: Kap4/reglas3_2.png Graphic file (type png)
<use Kap4/reglas3_2.png>
Package pdftex.def Info: Kap4/reglas3_2.png  used on input line 267. on input l
ine 267.
Package pdftex.def Info: Requested size: 227.62204pt x 199.77504pt on input lin
e 267.

Underfull \hbox (badness 10000) in paragraph at lines 271--272

 []


Underfull \hbox (badness 10000) in paragraph at lines 273--274

 []

<Kap4/cluster4.png, id=475, 513.92pt x 371.3875pt>
File: Kap4/cluster4.png Graphic file (type png)
<use Kap4/cluster4.png>
Package pdftex.def Info: Kap4/cluster4.png  used on input line 281. on input li
ne 281.
Package pdftex.def Info: Requested size: 227.62204pt x 164.49338pt on input lin
e 281.
<Kap4/edadc4.png, id=476, 413.29407pt x 277.035pt>
File: Kap4/edadc4.png Graphic file (type png)
<use Kap4/edadc4.png>
Package pdftex.def Info: Kap4/edadc4.png  used on input line 282. on input line
 282.
Package pdftex.def Info: Requested size: 227.62204pt x 152.58107pt on input lin
e 282.

LaTeX Warning: `!h' float specifier changed to `!ht'.

<Kap4/reglas4_1.png, id=477, 571.13374pt x 480.79625pt>
File: Kap4/reglas4_1.png Graphic file (type png)
<use Kap4/reglas4_1.png>
Package pdftex.def Info: Kap4/reglas4_1.png  used on input line 292. on input l
ine 292.
Package pdftex.def Info: Requested size: 227.62204pt x 191.61813pt on input lin
e 292.
<Kap4/reglas4_2.png, id=478, 692.5875pt x 469.755pt>
File: Kap4/reglas4_2.png Graphic file (type png)
<use Kap4/reglas4_2.png>
Package pdftex.def Info: Kap4/reglas4_2.png  used on input line 294. on input l
ine 294.
Package pdftex.def Info: Requested size: 227.62204pt x 154.38168pt on input lin
e 294.
LaTeX Info: Redefining \. on input line 296.
LaTeX Info: Redefining \% on input line 296.
[61 <./Kap4/reglas3_1.png> <./Kap4/reglas3_2.png>]
<Kap4/cluster5.png, id=484, 513.92pt x 371.3875pt>
File: Kap4/cluster5.png Graphic file (type png)
<use Kap4/cluster5.png>
Package pdftex.def Info: Kap4/cluster5.png  used on input line 304. on input li
ne 304.
Package pdftex.def Info: Requested size: 227.62204pt x 164.49338pt on input lin
e 304.
<Kap4/edadc5.png, id=485, 413.29407pt x 277.035pt>
File: Kap4/edadc5.png Graphic file (type png)
<use Kap4/edadc5.png>
Package pdftex.def Info: Kap4/edadc5.png  used on input line 305. on input line
 305.
Package pdftex.def Info: Requested size: 227.62204pt x 152.58107pt on input lin
e 305.

Underfull \vbox (badness 2088) has occurred while \output is active []

LaTeX Info: Redefining \. on input line 307.
LaTeX Info: Redefining \% on input line 307.
 [62 <./Kap4/cluster4.png (PNG copy)> <./Kap4/edadc4.png (PNG copy)> <./Kap4/re
glas4_1.png> <./Kap4/reglas4_2.png>]
<Kap4/reglas5_1.png, id=493, 709.65125pt x 563.10374pt>
File: Kap4/reglas5_1.png Graphic file (type png)
<use Kap4/reglas5_1.png>
Package pdftex.def Info: Kap4/reglas5_1.png  used on input line 312. on input l
ine 312.
Package pdftex.def Info: Requested size: 256.0748pt x 203.19835pt on input line
 312.
<Kap4/reglas5_2.png, id=494, 579.16376pt x 523.9575pt>
File: Kap4/reglas5_2.png Graphic file (type png)
<use Kap4/reglas5_2.png>
Package pdftex.def Info: Kap4/reglas5_2.png  used on input line 314. on input l
ine 314.
Package pdftex.def Info: Requested size: 170.71652pt x 154.4382pt on input line
 314.

Underfull \hbox (badness 10000) in paragraph at lines 319--320

 []

LaTeX Info: Redefining \. on input line 322.
LaTeX Info: Redefining \% on input line 322.
[63 <./Kap4/cluster5.png (PNG copy)> <./Kap4/edadc5.png (PNG copy)> <./Kap4/reg
las5_1.png> <./Kap4/reglas5_2.png>]
Underfull \hbox (badness 10000) in paragraph at lines 327--328

 []


LaTeX Warning: No positions in optional float specifier.
               Default added (so using `tbp') on input line 331.

<Kap4/CFTR1.png, id=500, 484.81125pt x 465.74pt>
File: Kap4/CFTR1.png Graphic file (type png)
<use Kap4/CFTR1.png>
Package pdftex.def Info: Kap4/CFTR1.png  used on input line 334. on input line 
334.
Package pdftex.def Info: Requested size: 284.52756pt x 273.34868pt on input lin
e 334.
<Kap4/CFTR2.png, id=501, 625.33624pt x 597.23125pt>
File: Kap4/CFTR2.png Graphic file (type png)
<use Kap4/CFTR2.png>
Package pdftex.def Info: Kap4/CFTR2.png  used on input line 336. on input line 
336.
Package pdftex.def Info: Requested size: 284.52756pt x 271.74063pt on input lin
e 336.

Underfull \hbox (badness 10000) in paragraph at lines 340--341

 []


Underfull \hbox (badness 10000) in paragraph at lines 342--343

 []

LaTeX Info: Redefining \. on input line 345.
LaTeX Info: Redefining \% on input line 345.
[64]
LaTeX Info: Redefining \. on input line 345.
LaTeX Info: Redefining \% on input line 345.
 [65 <./Kap4/CFTR1.png> <./Kap4/CFTR2.png>]
<Kap4/RB1.png, id=510, 316.18124pt x 546.04pt>
File: Kap4/RB1.png Graphic file (type png)
<use Kap4/RB1.png>
Package pdftex.def Info: Kap4/RB1.png  used on input line 352. on input line 35
2.
Package pdftex.def Info: Requested size: 140.84256pt x 243.23282pt on input lin
e 352.
LaTeX Info: Redefining \. on input line 359.
LaTeX Info: Redefining \% on input line 359.
 [66 <./Kap4/RB1.png>]
<Kap4/dash.png, id=515, 1371.1225pt x 733.74126pt>
File: Kap4/dash.png Graphic file (type png)
<use Kap4/dash.png>
Package pdftex.def Info: Kap4/dash.png  used on input line 362. on input line 3
62.
Package pdftex.def Info: Requested size: 469.47046pt x 251.22649pt on input lin
e 362.

Underfull \hbox (badness 10000) in paragraph at lines 372--373

 []


Underfull \vbox (badness 7468) has occurred while \output is active []

LaTeX Info: Redefining \. on input line 373.
LaTeX Info: Redefining \% on input line 373.
 [67 <./Kap4/dash.png>]

LaTeX Warning: Reference `fig:reglas2. 1' on page 68 undefined on input line 37
4.


Underfull \hbox (badness 10000) in paragraph at lines 374--375

 []


Underfull \hbox (badness 10000) in paragraph at lines 376--377

 []


Underfull \hbox (badness 10000) in paragraph at lines 378--379

 []

LaTeX Info: Redefining \. on input line 381.
LaTeX Info: Redefining \% on input line 381.
[68]
Underfull \hbox (badness 10000) in paragraph at lines 387--388

 []


Underfull \hbox (badness 10000) in paragraph at lines 389--390

 []


Underfull \hbox (badness 10000) in paragraph at lines 391--392

 []


Underfull \hbox (badness 10000) in paragraph at lines 393--394

 []


Underfull \hbox (badness 10000) in paragraph at lines 395--396

 []

LaTeX Info: Redefining \. on input line 396.
LaTeX Info: Redefining \% on input line 396.
[69]
Underfull \hbox (badness 10000) in paragraph at lines 397--398

 []


Underfull \hbox (badness 10000) in paragraph at lines 404--405

 []


Underfull \hbox (badness 10000) in paragraph at lines 406--407

 []


Underfull \hbox (badness 10000) in paragraph at lines 408--409

 []

LaTeX Info: Redefining \. on input line 409.
LaTeX Info: Redefining \% on input line 409.
[70]
Underfull \hbox (badness 10000) in paragraph at lines 410--411

 []


Underfull \hbox (badness 10000) in paragraph at lines 419--420

 []

LaTeX Info: Redefining \. on input line 420.
LaTeX Info: Redefining \% on input line 420.
[71])
LaTeX Info: Redefining \. on input line 91.
LaTeX Info: Redefining \% on input line 91.
 [72]
\openout2 = `Kap5/Kap5.aux'.

 (./Kap5/Kap5.tex
chapter 6.
[73



]
LaTeX Info: Redefining \. on input line 53.
LaTeX Info: Redefining \% on input line 53.
 [74])
LaTeX Info: Redefining \. on input line 92.
LaTeX Info: Redefining \% on input line 92.
 [75] (./PlantillaTesisMSc.bbl [76


]
LaTeX Info: Redefining \. on input line 138.
LaTeX Info: Redefining \% on input line 138.
 [77]
LaTeX Info: Redefining \. on input line 213.
LaTeX Info: Redefining \% on input line 213.
 [78]
LaTeX Info: Redefining \. on input line 275.
LaTeX Info: Redefining \% on input line 275.
 [79]
LaTeX Info: Redefining \. on input line 342.
LaTeX Info: Redefining \% on input line 342.
 [80]
LaTeX Info: Redefining \. on input line 424.
LaTeX Info: Redefining \% on input line 424.
 [81]
LaTeX Info: Redefining \. on input line 495.
LaTeX Info: Redefining \% on input line 495.
 [82]
LaTeX Info: Redefining \. on input line 561.
LaTeX Info: Redefining \% on input line 561.

[83]
LaTeX Info: Redefining \. on input line 625.
LaTeX Info: Redefining \% on input line 625.
 [84])
LaTeX Info: Redefining \. on input line 107.
LaTeX Info: Redefining \% on input line 107.
 [85] (./PlantillaTesisMSc.aux (./HojaTitulo/HojaTituloMSc.aux)
LaTeX Info: Redefining \. on input line 8.
LaTeX Info: Redefining \% on input line 8.

(./Kap1/Kap1.aux) (./Estado/Estado.aux) (./Kap2/Kap2.aux) (./Kap3/Kap3.aux)
(./Kap4/Kap4.aux) (./Kap5/Kap5.aux))

LaTeX Font Warning: Some font shapes were not available, defaults substituted.


LaTeX Warning: There were undefined references.

 ) 
Here is how much of TeX's memory you used:
 7672 strings out of 492995
 117492 string characters out of 6135074
 281306 words of memory out of 5000000
 10936 multiletter control sequences out of 15000+600000
 16817 words of font info for 62 fonts, out of 8000000 for 9000
 1141 hyphenation exceptions out of 8191
 51i,13n,66p,8828b,544s stack positions out of 5000i,500n,10000p,200000b,80000s
</usr/share/texlive/texmf-dist/fonts/type1/public/amsfonts/cm/cmbx10.pfb></us
r/share/texlive/texmf-dist/fonts/type1/public/amsfonts/cm/cmbx12.pfb></usr/shar
e/texlive/texmf-dist/fonts/type1/public/amsfonts/cm/cmbxti10.pfb></usr/share/te
xlive/texmf-dist/fonts/type1/public/amsfonts/cm/cmcsc10.pfb></usr/share/texlive
/texmf-dist/fonts/type1/public/amsfonts/cm/cmex10.pfb></usr/share/texlive/texmf
-dist/fonts/type1/public/amsfonts/cm/cmmi12.pfb></usr/share/texlive/texmf-dist/
fonts/type1/public/amsfonts/cm/cmmi8.pfb></usr/share/texlive/texmf-dist/fonts/t
ype1/public/amsfonts/cm/cmr10.pfb></usr/share/texlive/texmf-dist/fonts/type1/pu
blic/amsfonts/cm/cmr12.pfb></usr/share/texlive/texmf-dist/fonts/type1/public/am
sfonts/cm/cmr7.pfb></usr/share/texlive/texmf-dist/fonts/type1/public/amsfonts/c
m/cmr8.pfb></usr/share/texlive/texmf-dist/fonts/type1/public/amsfonts/cm/cmssbx
10.pfb></usr/share/texlive/texmf-dist/fonts/type1/public/amsfonts/cm/cmsy10.pfb
></usr/share/texlive/texmf-dist/fonts/type1/public/amsfonts/cm/cmsy8.pfb></usr/
share/texlive/texmf-dist/fonts/type1/public/amsfonts/cm/cmti12.pfb></usr/share/
texlive/texmf-dist/fonts/type1/public/amsfonts/cm/cmti8.pfb></usr/share/texlive
/texmf-dist/fonts/type1/public/amsfonts/cm/cmtt12.pfb>
Output written on PlantillaTesisMSc.pdf (96 pages, 7028895 bytes).
PDF statistics:
 636 PDF objects out of 1000 (max. 8388607)
 319 compressed objects within 4 object streams
 0 named destinations out of 1000 (max. 500000)
 276 words of extra memory for PDF output out of 10000 (max. 10000000)

